\BOOKMARK [0][-]{section*.1}{Contents}{}% 1
\BOOKMARK [0][-]{chapter.1}{Opgavebeskrivelse}{}% 2
\BOOKMARK [0][-]{chapter.2}{Kravspecifikation}{}% 3
\BOOKMARK [1][-]{section.2.1}{Systembeskrivelse}{chapter.2}% 4
\BOOKMARK [1][-]{section.2.2}{Funktionelle krav}{chapter.2}% 5
\BOOKMARK [1][-]{section.2.3}{Akt\370rer}{chapter.2}% 6
\BOOKMARK [1][-]{section.2.4}{Brugsscenarier}{chapter.2}% 7
\BOOKMARK [0][-]{chapter.3}{Projektplan}{}% 8
\BOOKMARK [0][-]{chapter.4}{Kravspecifikation}{}% 9
\BOOKMARK [1][-]{section.4.1}{Generel beskrivelse}{chapter.4}% 10
\BOOKMARK [1][-]{section.4.2}{Funktionelle krav}{chapter.4}% 11
\BOOKMARK [1][-]{section.4.3}{Ikke-funktionelle krav}{chapter.4}% 12
\BOOKMARK [1][-]{section.4.4}{Kvalitetsfaktorer}{chapter.4}% 13
\BOOKMARK [0][-]{chapter.5}{Litteratur}{}% 14
\BOOKMARK [1][-]{section.5.1}{Design og arkitektur}{chapter.5}% 15
\BOOKMARK [1][-]{section.5.2}{iOS}{chapter.5}% 16
\BOOKMARK [1][-]{section.5.3}{Ruby}{chapter.5}% 17
\BOOKMARK [0][-]{chapter.6}{Projektplan}{}% 18
\BOOKMARK [1][-]{section.6.1}{F\370rste kvarter}{chapter.6}% 19
\BOOKMARK [1][-]{section.6.2}{Andet kvarter}{chapter.6}% 20
\BOOKMARK [0][-]{chapter.7}{Konklusion}{}% 21
